<?xml version="1.0" encoding="UTF-8"?>
<testng-results skipped="2" failed="0" ignored="0" total="6" passed="4">
  <reporter-output>
    <line>
      <![CDATA[Myntra Test Started 13]]>
    </line>
    <line>
      <![CDATA[Myntra Test Started 14]]>
    </line>
    <line>
      <![CDATA[Myntra Test Ended 14]]>
    </line>
    <line>
      <![CDATA[ThoughtWorks Test Started 14]]>
    </line>
    <line>
      <![CDATA[Myntra Test Ended 13]]>
    </line>
    <line>
      <![CDATA[ThoughtWorks Test Ended 14]]>
    </line>
    <line>
      <![CDATA[ThoughtWorks Test Started 13]]>
    </line>
    <line>
      <![CDATA[ThoughtWorks Test Ended 13]]>
    </line>
  </reporter-output>
  <suite name="Suite" duration-ms="45413" started-at="2019-08-22T11:06:26Z" finished-at="2019-08-22T11:07:11Z">
    <groups>
    </groups>
    <test name="FirefoxTest" duration-ms="30189" started-at="2019-08-22T11:06:26Z" finished-at="2019-08-22T11:06:56Z">
      <class name="SecondTest">
        <test-method status="PASS" signature="setupTest(java.lang.String)[pri:0, instance:SecondTest@4d764f53]" name="setupTest" is-config="true" duration-ms="4776" started-at="2019-08-22T19:06:26Z" finished-at="2019-08-22T19:06:31Z">
          <params>
            <param index="0">
              <value>
                <![CDATA[firefox]]>
              </value>
            </param>
          </params>
          <reporter-output>
          </reporter-output>
        </test-method> <!-- setupTest -->
        <test-method status="PASS" signature="MyntraTest()[pri:0, instance:SecondTest@4d764f53]" name="MyntraTest" duration-ms="2687" started-at="2019-08-22T19:06:31Z" finished-at="2019-08-22T19:06:33Z">
          <reporter-output>
            <line>
              <![CDATA[Myntra Test Started 14]]>
            </line>
            <line>
              <![CDATA[Myntra Test Ended 14]]>
            </line>
          </reporter-output>
        </test-method> <!-- MyntraTest -->
        <test-method status="PASS" signature="tearDown()[pri:0, instance:SecondTest@4d764f53]" name="tearDown" is-config="true" duration-ms="9574" started-at="2019-08-22T19:06:33Z" finished-at="2019-08-22T19:06:43Z">
          <reporter-output>
          </reporter-output>
        </test-method> <!-- tearDown -->
        <test-method status="PASS" signature="setupTest(java.lang.String)[pri:0, instance:SecondTest@4d764f53]" name="setupTest" is-config="true" duration-ms="3997" started-at="2019-08-22T19:06:43Z" finished-at="2019-08-22T19:06:47Z">
          <params>
            <param index="0">
              <value>
                <![CDATA[firefox]]>
              </value>
            </param>
          </params>
          <reporter-output>
          </reporter-output>
        </test-method> <!-- setupTest -->
        <test-method status="PASS" signature="ThoughtWorksTest()[pri:0, instance:SecondTest@4d764f53]" name="ThoughtWorksTest" duration-ms="2975" started-at="2019-08-22T19:06:47Z" finished-at="2019-08-22T19:06:50Z">
          <reporter-output>
            <line>
              <![CDATA[ThoughtWorks Test Started 14]]>
            </line>
            <line>
              <![CDATA[ThoughtWorks Test Ended 14]]>
            </line>
          </reporter-output>
        </test-method> <!-- ThoughtWorksTest -->
        <test-method status="PASS" signature="tearDown()[pri:0, instance:SecondTest@4d764f53]" name="tearDown" is-config="true" duration-ms="6162" started-at="2019-08-22T19:06:50Z" finished-at="2019-08-22T19:06:56Z">
          <reporter-output>
          </reporter-output>
        </test-method> <!-- tearDown -->
        <test-method status="PASS" signature="terminate()[pri:0, instance:SecondTest@4d764f53]" name="terminate" is-config="true" duration-ms="0" started-at="2019-08-22T19:06:56Z" finished-at="2019-08-22T19:06:56Z">
          <reporter-output>
          </reporter-output>
        </test-method> <!-- terminate -->
      </class> <!-- SecondTest -->
    </test> <!-- FirefoxTest -->
    <test name="SafariTest" duration-ms="3" started-at="2019-08-22T11:06:56Z" finished-at="2019-08-22T11:06:56Z">
      <class name="SecondTest">
        <test-method status="SKIP" signature="setupTest(java.lang.String)[pri:0, instance:SecondTest@56ca2002]" name="setupTest" is-config="true" duration-ms="0" started-at="2019-08-22T19:06:56Z" finished-at="2019-08-22T19:06:56Z">
          <params>
            <param index="0">
              <value>
                <![CDATA[safari]]>
              </value>
            </param>
          </params>
          <exception class="org.testng.SkipException">
            <message>
              <![CDATA[no supported browser available.]]>
            </message>
            <full-stacktrace>
              <![CDATA[org.testng.SkipException: no supported browser available.
	at BaseTest.setupTest(BaseTest.java:32)
	at sun.reflect.NativeMethodAccessorImpl.invoke0(Native Method)
	at sun.reflect.NativeMethodAccessorImpl.invoke(NativeMethodAccessorImpl.java:62)
	at sun.reflect.DelegatingMethodAccessorImpl.invoke(DelegatingMethodAccessorImpl.java:43)
	at java.lang.reflect.Method.invoke(Method.java:498)
	at org.testng.internal.MethodInvocationHelper.invokeMethod(MethodInvocationHelper.java:108)
	at org.testng.internal.Invoker.invokeConfigurationMethod(Invoker.java:523)
	at org.testng.internal.Invoker.invokeConfigurations(Invoker.java:224)
	at org.testng.internal.Invoker.invokeMethod(Invoker.java:599)
	at org.testng.internal.Invoker.invokeTestMethod(Invoker.java:869)
	at org.testng.internal.Invoker.invokeTestMethods(Invoker.java:1193)
	at org.testng.internal.TestMethodWorker.invokeTestMethods(TestMethodWorker.java:126)
	at org.testng.internal.TestMethodWorker.run(TestMethodWorker.java:109)
	at org.testng.TestRunner.privateRun(TestRunner.java:744)
	at org.testng.TestRunner.run(TestRunner.java:602)
	at org.testng.SuiteRunner.runTest(SuiteRunner.java:380)
	at org.testng.SuiteRunner.access$000(SuiteRunner.java:39)
	at org.testng.SuiteRunner$SuiteWorker.run(SuiteRunner.java:414)
	at org.testng.internal.thread.ThreadUtil$1.call(ThreadUtil.java:52)
	at java.util.concurrent.FutureTask.run(FutureTask.java:266)
	at java.util.concurrent.ThreadPoolExecutor.runWorker(ThreadPoolExecutor.java:1149)
	at java.util.concurrent.ThreadPoolExecutor$Worker.run(ThreadPoolExecutor.java:624)
	at java.lang.Thread.run(Thread.java:748)
]]>
            </full-stacktrace>
          </exception> <!-- org.testng.SkipException -->
          <reporter-output>
          </reporter-output>
        </test-method> <!-- setupTest -->
        <test-method status="SKIP" signature="MyntraTest()[pri:0, instance:SecondTest@56ca2002]" name="MyntraTest" duration-ms="1" started-at="2019-08-22T19:06:56Z" finished-at="2019-08-22T19:06:56Z">
          <exception class="org.testng.SkipException">
            <message>
              <![CDATA[no supported browser available.]]>
            </message>
            <full-stacktrace>
              <![CDATA[org.testng.SkipException: no supported browser available.
	at BaseTest.setupTest(BaseTest.java:32)
	at sun.reflect.NativeMethodAccessorImpl.invoke0(Native Method)
	at sun.reflect.NativeMethodAccessorImpl.invoke(NativeMethodAccessorImpl.java:62)
	at sun.reflect.DelegatingMethodAccessorImpl.invoke(DelegatingMethodAccessorImpl.java:43)
	at java.lang.reflect.Method.invoke(Method.java:498)
	at org.testng.internal.MethodInvocationHelper.invokeMethod(MethodInvocationHelper.java:108)
	at org.testng.internal.Invoker.invokeConfigurationMethod(Invoker.java:523)
	at org.testng.internal.Invoker.invokeConfigurations(Invoker.java:224)
	at org.testng.internal.Invoker.invokeMethod(Invoker.java:599)
	at org.testng.internal.Invoker.invokeTestMethod(Invoker.java:869)
	at org.testng.internal.Invoker.invokeTestMethods(Invoker.java:1193)
	at org.testng.internal.TestMethodWorker.invokeTestMethods(TestMethodWorker.java:126)
	at org.testng.internal.TestMethodWorker.run(TestMethodWorker.java:109)
	at org.testng.TestRunner.privateRun(TestRunner.java:744)
	at org.testng.TestRunner.run(TestRunner.java:602)
	at org.testng.SuiteRunner.runTest(SuiteRunner.java:380)
	at org.testng.SuiteRunner.access$000(SuiteRunner.java:39)
	at org.testng.SuiteRunner$SuiteWorker.run(SuiteRunner.java:414)
	at org.testng.internal.thread.ThreadUtil$1.call(ThreadUtil.java:52)
	at java.util.concurrent.FutureTask.run(FutureTask.java:266)
	at java.util.concurrent.ThreadPoolExecutor.runWorker(ThreadPoolExecutor.java:1149)
	at java.util.concurrent.ThreadPoolExecutor$Worker.run(ThreadPoolExecutor.java:624)
	at java.lang.Thread.run(Thread.java:748)
]]>
            </full-stacktrace>
          </exception> <!-- org.testng.SkipException -->
          <reporter-output>
          </reporter-output>
        </test-method> <!-- MyntraTest -->
        <test-method status="SKIP" signature="ThoughtWorksTest()[pri:0, instance:SecondTest@56ca2002]" name="ThoughtWorksTest" duration-ms="0" started-at="2019-08-22T19:06:56Z" finished-at="2019-08-22T19:06:56Z">
          <exception class="org.testng.SkipException">
            <message>
              <![CDATA[no supported browser available.]]>
            </message>
            <full-stacktrace>
              <![CDATA[org.testng.SkipException: no supported browser available.
	at BaseTest.setupTest(BaseTest.java:32)
	at sun.reflect.NativeMethodAccessorImpl.invoke0(Native Method)
	at sun.reflect.NativeMethodAccessorImpl.invoke(NativeMethodAccessorImpl.java:62)
	at sun.reflect.DelegatingMethodAccessorImpl.invoke(DelegatingMethodAccessorImpl.java:43)
	at java.lang.reflect.Method.invoke(Method.java:498)
	at org.testng.internal.MethodInvocationHelper.invokeMethod(MethodInvocationHelper.java:108)
	at org.testng.internal.Invoker.invokeConfigurationMethod(Invoker.java:523)
	at org.testng.internal.Invoker.invokeConfigurations(Invoker.java:224)
	at org.testng.internal.Invoker.invokeMethod(Invoker.java:599)
	at org.testng.internal.Invoker.invokeTestMethod(Invoker.java:869)
	at org.testng.internal.Invoker.invokeTestMethods(Invoker.java:1193)
	at org.testng.internal.TestMethodWorker.invokeTestMethods(TestMethodWorker.java:126)
	at org.testng.internal.TestMethodWorker.run(TestMethodWorker.java:109)
	at org.testng.TestRunner.privateRun(TestRunner.java:744)
	at org.testng.TestRunner.run(TestRunner.java:602)
	at org.testng.SuiteRunner.runTest(SuiteRunner.java:380)
	at org.testng.SuiteRunner.access$000(SuiteRunner.java:39)
	at org.testng.SuiteRunner$SuiteWorker.run(SuiteRunner.java:414)
	at org.testng.internal.thread.ThreadUtil$1.call(ThreadUtil.java:52)
	at java.util.concurrent.FutureTask.run(FutureTask.java:266)
	at java.util.concurrent.ThreadPoolExecutor.runWorker(ThreadPoolExecutor.java:1149)
	at java.util.concurrent.ThreadPoolExecutor$Worker.run(ThreadPoolExecutor.java:624)
	at java.lang.Thread.run(Thread.java:748)
]]>
            </full-stacktrace>
          </exception> <!-- org.testng.SkipException -->
          <reporter-output>
          </reporter-output>
        </test-method> <!-- ThoughtWorksTest -->
        <test-method status="SKIP" signature="setupTest(java.lang.String)[pri:0, instance:SecondTest@56ca2002]" name="setupTest" is-config="true" duration-ms="0" started-at="2019-08-22T19:06:56Z" finished-at="2019-08-22T19:06:56Z">
          <reporter-output>
          </reporter-output>
        </test-method> <!-- setupTest -->
        <test-method status="SKIP" signature="terminate()[pri:0, instance:SecondTest@56ca2002]" name="terminate" is-config="true" duration-ms="0" started-at="2019-08-22T19:06:56Z" finished-at="2019-08-22T19:06:56Z">
          <reporter-output>
          </reporter-output>
        </test-method> <!-- terminate -->
      </class> <!-- SecondTest -->
    </test> <!-- SafariTest -->
    <test name="ChromeTest" duration-ms="45413" started-at="2019-08-22T11:06:26Z" finished-at="2019-08-22T11:07:11Z">
      <class name="SecondTest">
        <test-method status="PASS" signature="setupTest(java.lang.String)[pri:0, instance:SecondTest@1fcbc83a]" name="setupTest" is-config="true" duration-ms="1698" started-at="2019-08-22T19:06:26Z" finished-at="2019-08-22T19:06:27Z">
          <params>
            <param index="0">
              <value>
                <![CDATA[chrome]]>
              </value>
            </param>
          </params>
          <reporter-output>
          </reporter-output>
        </test-method> <!-- setupTest -->
        <test-method status="PASS" signature="MyntraTest()[pri:0, instance:SecondTest@1fcbc83a]" name="MyntraTest" duration-ms="20914" started-at="2019-08-22T19:06:27Z" finished-at="2019-08-22T19:06:48Z">
          <reporter-output>
            <line>
              <![CDATA[Myntra Test Started 13]]>
            </line>
            <line>
              <![CDATA[Myntra Test Ended 13]]>
            </line>
          </reporter-output>
        </test-method> <!-- MyntraTest -->
        <test-method status="PASS" signature="tearDown()[pri:0, instance:SecondTest@1fcbc83a]" name="tearDown" is-config="true" duration-ms="67" started-at="2019-08-22T19:06:48Z" finished-at="2019-08-22T19:06:48Z">
          <reporter-output>
          </reporter-output>
        </test-method> <!-- tearDown -->
        <test-method status="PASS" signature="setupTest(java.lang.String)[pri:0, instance:SecondTest@1fcbc83a]" name="setupTest" is-config="true" duration-ms="2081" started-at="2019-08-22T19:06:48Z" finished-at="2019-08-22T19:06:51Z">
          <params>
            <param index="0">
              <value>
                <![CDATA[chrome]]>
              </value>
            </param>
          </params>
          <reporter-output>
          </reporter-output>
        </test-method> <!-- setupTest -->
        <test-method status="PASS" signature="ThoughtWorksTest()[pri:0, instance:SecondTest@1fcbc83a]" name="ThoughtWorksTest" duration-ms="20572" started-at="2019-08-22T19:06:51Z" finished-at="2019-08-22T19:07:11Z">
          <reporter-output>
            <line>
              <![CDATA[ThoughtWorks Test Started 13]]>
            </line>
            <line>
              <![CDATA[ThoughtWorks Test Ended 13]]>
            </line>
          </reporter-output>
        </test-method> <!-- ThoughtWorksTest -->
        <test-method status="PASS" signature="tearDown()[pri:0, instance:SecondTest@1fcbc83a]" name="tearDown" is-config="true" duration-ms="64" started-at="2019-08-22T19:07:11Z" finished-at="2019-08-22T19:07:11Z">
          <reporter-output>
          </reporter-output>
        </test-method> <!-- tearDown -->
        <test-method status="PASS" signature="terminate()[pri:0, instance:SecondTest@1fcbc83a]" name="terminate" is-config="true" duration-ms="0" started-at="2019-08-22T19:07:11Z" finished-at="2019-08-22T19:07:11Z">
          <reporter-output>
          </reporter-output>
        </test-method> <!-- terminate -->
      </class> <!-- SecondTest -->
    </test> <!-- ChromeTest -->
  </suite> <!-- Suite -->
</testng-results>
